# JRE version: OpenJDK Runtime Environment (7.0_65-b32) (build 1.7.0_65-b32)
# Java VM: OpenJDK 64-Bit Server VM (24.65-b04 mixed mode linux-amd64 compressed oops)
Heap
 PSYoungGen      total 1904128K, used 1407968K [0x0000000782800000, 0x0000000800000000, 0x0000000800000000)
  eden space 1768448K, 73% used [0x0000000782800000,0x00000007d22982e0,0x00000007ee700000)
  from space 135680K, 75% used [0x00000007f7b80000,0x00000007fdfe0098,0x0000000800000000)
  to   space 143872K, 0% used [0x00000007ee700000,0x00000007ee700000,0x00000007f7380000)
 ParOldGen       total 739328K, used 307502K [0x0000000687800000, 0x00000006b4a00000, 0x0000000782800000)
  object space 739328K, 41% used [0x0000000687800000,0x000000069a44b8f0,0x00000006b4a00000)
 PSPermGen       total 98304K, used 48723K [0x000000067d200000, 0x0000000683200000, 0x0000000687800000)
  object space 98304K, 49% used [0x000000067d200000,0x0000000680194c40,0x0000000683200000)
GC Heap History (10 events):
Event: 130.100 GC heap before
{Heap before GC invocations=24 (full 2):
 PSYoungGen      total 1882624K, used 1882578K [0x0000000782800000, 0x0000000800000000, 0x0000000800000000)
  eden space 1806336K, 100% used [0x0000000782800000,0x00000007f0c00000,0x00000007f0c00000)
  from space 76288K, 99% used [0x00000007f0c00000,0x00000007f5674860,0x00000007f5680000)
  to   space 126464K, 0% used [0x00000007f8480000,0x00000007f8480000,0x0000000800000000)
 ParOldGen       total 739328K, used 307502K [0x0000000687800000, 0x00000006b4a00000, 0x0000000782800000)
  object space 739328K, 41% used [0x0000000687800000,0x000000069a44b8f0,0x00000006b4a00000)
 PSPermGen       total 98304K, used 48637K [0x000000067d200000, 0x0000000683200000, 0x0000000687800000)
  object space 98304K, 49% used [0x000000067d200000,0x000000068017f5c8,0x0000000683200000)
Event: 130.116 GC heap after
Heap after GC invocations=24 (full 2):
 PSYoungGen      total 1927680K, used 76448K [0x0000000782800000, 0x0000000800000000, 0x0000000800000000)
  eden space 1801216K, 0% used [0x0000000782800000,0x0000000782800000,0x00000007f0700000)
  from space 126464K, 60% used [0x00000007f8480000,0x00000007fcf28098,0x0000000800000000)
  to   space 127488K, 0% used [0x00000007f0700000,0x00000007f0700000,0x00000007f8380000)
 ParOldGen       total 739328K, used 307502K [0x0000000687800000, 0x00000006b4a00000, 0x0000000782800000)
  object space 739328K, 41% used [0x0000000687800000,0x000000069a44b8f0,0x00000006b4a00000)
 PSPermGen       total 98304K, used 48637K [0x000000067d200000, 0x0000000683200000, 0x0000000687800000)
  object space 98304K, 49% used [0x000000067d200000,0x000000068017f5c8,0x0000000683200000)
}
Event: 131.684 GC heap before
{Heap before GC invocations=25 (full 2):
 PSYoungGen      total 1927680K, used 1877664K [0x0000000782800000, 0x0000000800000000, 0x0000000800000000)
  eden space 1801216K, 100% used [0x0000000782800000,0x00000007f0700000,0x00000007f0700000)
  from space 126464K, 60% used [0x00000007f8480000,0x00000007fcf28098,0x0000000800000000)
  to   space 127488K, 0% used [0x00000007f0700000,0x00000007f0700000,0x00000007f8380000)
 ParOldGen       total 739328K, used 307502K [0x0000000687800000, 0x00000006b4a00000, 0x0000000782800000)
  object space 739328K, 41% used [0x0000000687800000,0x000000069a44b8f0,0x00000006b4a00000)
 PSPermGen       total 98304K, used 48637K [0x000000067d200000, 0x0000000683200000, 0x0000000687800000)
  object space 98304K, 49% used [0x000000067d200000,0x000000068017f5c8,0x0000000683200000)
Event: 131.701 GC heap after
Heap after GC invocations=25 (full 2):
 PSYoungGen      total 1878016K, used 76320K [0x0000000782800000, 0x0000000800000000, 0x0000000800000000)
  eden space 1801216K, 0% used [0x0000000782800000,0x0000000782800000,0x00000007f0700000)
  from space 76800K, 99% used [0x00000007f0700000,0x00000007f5188098,0x00000007f5200000)
  to   space 128000K, 0% used [0x00000007f8300000,0x00000007f8300000,0x0000000800000000)
 ParOldGen       total 739328K, used 307502K [0x0000000687800000, 0x00000006b4a00000, 0x0000000782800000)
  object space 739328K, 41% used [0x0000000687800000,0x000000069a44b8f0,0x00000006b4a00000)
 PSPermGen       total 98304K, used 48637K [0x000000067d200000, 0x0000000683200000, 0x0000000687800000)
  object space 98304K, 49% used [0x000000067d200000,0x000000068017f5c8,0x0000000683200000)
}
Event: 135.170 GC heap before
{Heap before GC invocations=26 (full 2):
 PSYoungGen      total 1878016K, used 1864691K [0x0000000782800000, 0x0000000800000000, 0x0000000800000000)
  eden space 1801216K, 99% used [0x0000000782800000,0x00000007efa74c68,0x00000007f0700000)
  from space 76800K, 99% used [0x00000007f0700000,0x00000007f5188098,0x00000007f5200000)
  to   space 128000K, 0% used [0x00000007f8300000,0x00000007f8300000,0x0000000800000000)
 ParOldGen       total 739328K, used 307502K [0x0000000687800000, 0x00000006b4a00000, 0x0000000782800000)
  object space 739328K, 41% used [0x0000000687800000,0x000000069a44b8f0,0x00000006b4a00000)
 PSPermGen       total 98304K, used 48721K [0x000000067d200000, 0x0000000683200000, 0x0000000687800000)
  object space 98304K, 49% used [0x000000067d200000,0x00000006801947b8,0x0000000683200000)
Event: 135.188 GC heap after
Heap after GC invocations=26 (full 2):
 PSYoungGen      total 1930752K, used 33433K [0x0000000782800000, 0x0000000800000000, 0x0000000800000000)
  eden space 1802752K, 0% used [0x0000000782800000,0x0000000782800000,0x00000007f0880000)
  from space 128000K, 26% used [0x00000007f8300000,0x00000007fa3a64c8,0x0000000800000000)
  to   space 125440K, 0% used [0x00000007f0880000,0x00000007f0880000,0x00000007f8300000)
 ParOldGen       total 739328K, used 307502K [0x0000000687800000, 0x00000006b4a00000, 0x0000000782800000)
  object space 739328K, 41% used [0x0000000687800000,0x000000069a44b8f0,0x00000006b4a00000)
 PSPermGen       total 98304K, used 48721K [0x000000067d200000, 0x0000000683200000, 0x0000000687800000)
  object space 98304K, 49% used [0x000000067d200000,0x00000006801947b8,0x0000000683200000)
}
Event: 137.110 GC heap before
{Heap before GC invocations=27 (full 2):
 PSYoungGen      total 1930752K, used 1836185K [0x0000000782800000, 0x0000000800000000, 0x0000000800000000)
  eden space 1802752K, 100% used [0x0000000782800000,0x00000007f0880000,0x00000007f0880000)
  from space 128000K, 26% used [0x00000007f8300000,0x00000007fa3a64c8,0x0000000800000000)
  to   space 125440K, 0% used [0x00000007f0880000,0x00000007f0880000,0x00000007f8300000)
 ParOldGen       total 739328K, used 307502K [0x0000000687800000, 0x00000006b4a00000, 0x0000000782800000)
  object space 739328K, 41% used [0x0000000687800000,0x000000069a44b8f0,0x00000006b4a00000)
 PSPermGen       total 98304K, used 48722K [0x000000067d200000, 0x0000000683200000, 0x0000000687800000)
  object space 98304K, 49% used [0x000000067d200000,0x0000000680194a08,0x0000000683200000)
Event: 137.140 GC heap after
Heap after GC invocations=27 (full 2):
 PSYoungGen      total 1905664K, used 102688K [0x0000000782800000, 0x0000000800000000, 0x0000000800000000)
  eden space 1802752K, 0% used [0x0000000782800000,0x0000000782800000,0x00000007f0880000)
  from space 102912K, 99% used [0x00000007f0880000,0x00000007f6cc8098,0x00000007f6d00000)
  to   space 135680K, 0% used [0x00000007f7b80000,0x00000007f7b80000,0x0000000800000000)
 ParOldGen       total 739328K, used 307502K [0x0000000687800000, 0x00000006b4a00000, 0x0000000782800000)
  object space 739328K, 41% used [0x0000000687800000,0x000000069a44b8f0,0x00000006b4a00000)
 PSPermGen       total 98304K, used 48722K [0x000000067d200000, 0x0000000683200000, 0x0000000687800000)
  object space 98304K, 49% used [0x000000067d200000,0x0000000680194a08,0x0000000683200000)
}
Event: 138.632 GC heap before
{Heap before GC invocations=28 (full 2):
 PSYoungGen      total 1905664K, used 1905440K [0x0000000782800000, 0x0000000800000000, 0x0000000800000000)
  eden space 1802752K, 100% used [0x0000000782800000,0x00000007f0880000,0x00000007f0880000)
  from space 102912K, 99% used [0x00000007f0880000,0x00000007f6cc8098,0x00000007f6d00000)
  to   space 135680K, 0% used [0x00000007f7b80000,0x00000007f7b80000,0x0000000800000000)
 ParOldGen       total 739328K, used 307502K [0x0000000687800000, 0x00000006b4a00000, 0x0000000782800000)
  object space 739328K, 41% used [0x0000000687800000,0x000000069a44b8f0,0x00000006b4a00000)
 PSPermGen       total 98304K, used 48722K [0x000000067d200000, 0x0000000683200000, 0x0000000687800000)
  object space 98304K, 49% used [0x000000067d200000,0x0000000680194a08,0x0000000683200000)
Event: 138.654 GC heap after
Heap after GC invocations=28 (full 2):
 PSYoungGen      total 1904128K, used 102784K [0x0000000782800000, 0x0000000800000000, 0x0000000800000000)
  eden space 1768448K, 0% used [0x0000000782800000,0x0000000782800000,0x00000007ee700000)
  from space 135680K, 75% used [0x00000007f7b80000,0x00000007fdfe0098,0x0000000800000000)
  to   space 143872K, 0% used [0x00000007ee700000,0x00000007ee700000,0x00000007f7380000)
 ParOldGen       total 739328K, used 307502K [0x0000000687800000, 0x00000006b4a00000, 0x0000000782800000)
  object space 739328K, 41% used [0x0000000687800000,0x000000069a44b8f0,0x00000006b4a00000)
 PSPermGen       total 98304K, used 48722K [0x000000067d200000, 0x0000000683200000, 0x0000000687800000)
  object space 98304K, 49% used [0x000000067d200000,0x0000000680194a08,0x0000000683200000)
}

